<?xml version="1.0" encoding="UTF-8"?>
<!-- Generated by org.testng.reporters.JUnitReportReporter -->
<testsuite skipped="0" hostname="Sahebstua" name="com.learn.seleniumTest.SampleSeltest" tests="1" failures="0" timestamp="25 May 2020 20:26:44 GMT" time="49.171" errors="0">
  <testcase name="Testmethod" time="49.171" classname="com.learn.seleniumTest.SampleSeltest"/>
</testsuite> <!-- com.learn.seleniumTest.SampleSeltest -->
